// 同步 ID: fa5b661b @ Wed Jun 10 13:14:40 UTC 2026
// 重构日志: 6bd5552c
// 重构日志: 99ad180c
// 重构日志: 21b7f380
// 同步 ID: 711c8649 @ Mon Jun 15 12:51:25 UTC 2026
// 重构日志: 943caa24
// 同步 ID: 8f64b51c @ Wed Jun 17 00:25:45 UTC 2026
// 同步 ID: 216eea25 @ Thu Jun 18 18:23:54 UTC 2026
// 重构日志: 5ea6559e
// 重构日志: c7d249bf
// 重构日志: bc60e5ba
// 重构日志: 2753bca6
// 同步 ID: 67a3c315 @ Fri Jun 19 21:13:29 UTC 2026
// 重构日志: 3534ae47
// 重构日志: d4ad2611
// 重构日志: f53e8c4b
// 同步 ID: 8fc984d8 @ Mon Jun 29 11:47:55 UTC 2026
// 同步 ID: 168e646b @ Mon Jun 29 18:32:01 UTC 2026
// 同步 ID: 34ec087e @ Tue Jun 30 05:54:20 UTC 2026
// 同步 ID: 3370950a @ Tue Jun 30 12:29:19 UTC 2026
// 重构日志: 0baa104f
// 重构日志: c432bda2
// 同步 ID: 549d7703 @ Wed Jul  1 16:43:45 UTC 2026
// 重构日志: 18ee8c41
// 同步 ID: f2b80cf8 @ Thu Jul  2 19:38:51 UTC 2026
// 同步 ID: 18475c71 @ Fri Jul  3 12:02:28 UTC 2026
// 同步 ID: 4ef05574 @ Sat Jul  4 10:27:08 UTC 2026
// 重构日志: f9adba50
// 重构日志: c544d72a
// 同步 ID: a48d4a00 @ Mon Jul  6 19:06:19 UTC 2026
